Info: Starting: Create block symbol file (.bsf)
Info: qsys-generate "C:\Users\jurado-garciaj\Documents\MSOE COURSES\EE COURSES\EE3921\Quartus_Projects\LAB4\NIOS_2_ADVANCE.qsys" --block-symbol-file --output-directory="C:\Users\jurado-garciaj\Documents\MSOE COURSES\EE COURSES\EE3921\Quartus_Projects\LAB4" --family="MAX 10" --part=10M50DAF484C7G
Progress: Loading LAB4/NIOS_2_ADVANCE.qsys
Progress: Reading input file
Progress: Adding clk_0 [clock_source 18.1]
Progress: Parameterizing module clk_0
Progress: Adding jtag_uart_0 [altera_avalon_jtag_uart 18.1]
Progress: Parameterizing module jtag_uart_0
Progress: Adding nios2_gen2_0 [altera_nios2_gen2 18.1]
Progress: Parameterizing module nios2_gen2_0
Progress: Adding onchip_memory2_0 [altera_avalon_onchip_memory2 18.1]
Progress: Parameterizing module onchip_memory2_0
Progress: Adding seven_seg_pio [altera_avalon_pio 18.1]
Progress: Parameterizing module seven_seg_pio
Progress: Adding seven_seg_pio2 [altera_avalon_pio 18.1]
Progress: Parameterizing module seven_seg_pio2
Progress: Adding sw_pio [altera_avalon_pio 18.1]
Progress: Parameterizing module sw_pio
Progress: Adding sysid_qsys_0 [altera_avalon_sysid_qsys 18.1]
Progress: Parameterizing module sysid_qsys_0
Progress: Adding timer_0 [altera_avalon_timer 18.1]
Progress: Parameterizing module timer_0
Progress: Building connections
Progress: Parameterizing connections
Progress: Validating
Progress: Done reading input file
Info: NIOS_2_ADVANCE.jtag_uart_0: JTAG UART IP input clock need to be at least double (2x) the operating frequency of JTAG TCK on board
Info: NIOS_2_ADVANCE.sw_pio: PIO inputs are not hardwired in test bench. Undefined values will be read from PIO inputs during simulation.
Info: NIOS_2_ADVANCE.sysid_qsys_0: System ID is not assigned automatically. Edit the System ID parameter to provide a unique ID
Info: NIOS_2_ADVANCE.sysid_qsys_0: Time stamp will be automatically updated when this component is generated.
Info: qsys-generate succeeded.
Info: Finished: Create block symbol file (.bsf)
Info: 
Info: Starting: Create HDL design files for synthesis
Info: qsys-generate "C:\Users\jurado-garciaj\Documents\MSOE COURSES\EE COURSES\EE3921\Quartus_Projects\LAB4\NIOS_2_ADVANCE.qsys" --synthesis=VHDL --output-directory="C:\Users\jurado-garciaj\Documents\MSOE COURSES\EE COURSES\EE3921\Quartus_Projects\LAB4\synthesis" --family="MAX 10" --part=10M50DAF484C7G
Progress: Loading LAB4/NIOS_2_ADVANCE.qsys
Progress: Reading input file
Progress: Adding clk_0 [clock_source 18.1]
Progress: Parameterizing module clk_0
Progress: Adding jtag_uart_0 [altera_avalon_jtag_uart 18.1]
Progress: Parameterizing module jtag_uart_0
Progress: Adding nios2_gen2_0 [altera_nios2_gen2 18.1]
Progress: Parameterizing module nios2_gen2_0
Progress: Adding onchip_memory2_0 [altera_avalon_onchip_memory2 18.1]
Progress: Parameterizing module onchip_memory2_0
Progress: Adding seven_seg_pio [altera_avalon_pio 18.1]
Progress: Parameterizing module seven_seg_pio
Progress: Adding seven_seg_pio2 [altera_avalon_pio 18.1]
Progress: Parameterizing module seven_seg_pio2
Progress: Adding sw_pio [altera_avalon_pio 18.1]
Progress: Parameterizing module sw_pio
Progress: Adding sysid_qsys_0 [altera_avalon_sysid_qsys 18.1]
Progress: Parameterizing module sysid_qsys_0
Progress: Adding timer_0 [altera_avalon_timer 18.1]
Progress: Parameterizing module timer_0
Progress: Building connections
Progress: Parameterizing connections
Progress: Validating
Progress: Done reading input file
Info: NIOS_2_ADVANCE.jtag_uart_0: JTAG UART IP input clock need to be at least double (2x) the operating frequency of JTAG TCK on board
Info: NIOS_2_ADVANCE.sw_pio: PIO inputs are not hardwired in test bench. Undefined values will be read from PIO inputs during simulation.
Info: NIOS_2_ADVANCE.sysid_qsys_0: System ID is not assigned automatically. Edit the System ID parameter to provide a unique ID
Info: NIOS_2_ADVANCE.sysid_qsys_0: Time stamp will be automatically updated when this component is generated.
Info: NIOS_2_ADVANCE: Generating NIOS_2_ADVANCE "NIOS_2_ADVANCE" for QUARTUS_SYNTH
Info: jtag_uart_0: Starting RTL generation for module 'NIOS_2_ADVANCE_jtag_uart_0'
Info: jtag_uart_0:   Generation command is [exec C:/intelfpga_lite/18.1/quartus/bin64/perl/bin/perl.exe -I C:/intelfpga_lite/18.1/quartus/bin64/perl/lib -I C:/intelfpga_lite/18.1/quartus/sopc_builder/bin/europa -I C:/intelfpga_lite/18.1/quartus/sopc_builder/bin/perl_lib -I C:/intelfpga_lite/18.1/quartus/sopc_builder/bin -I C:/intelfpga_lite/18.1/quartus/../ip/altera/sopc_builder_ip/common -I C:/intelfpga_lite/18.1/quartus/../ip/altera/sopc_builder_ip/altera_avalon_jtag_uart -- C:/intelfpga_lite/18.1/quartus/../ip/altera/sopc_builder_ip/altera_avalon_jtag_uart/generate_rtl.pl --name=NIOS_2_ADVANCE_jtag_uart_0 --dir=C:/Users/JURADO~1/AppData/Local/Temp/alt8901_6238315990233983965.dir/0057_jtag_uart_0_gen/ --quartus_dir=C:/intelfpga_lite/18.1/quartus --verilog --config=C:/Users/JURADO~1/AppData/Local/Temp/alt8901_6238315990233983965.dir/0057_jtag_uart_0_gen//NIOS_2_ADVANCE_jtag_uart_0_component_configuration.pl  --do_build_sim=0  ]
Info: jtag_uart_0: Done RTL generation for module 'NIOS_2_ADVANCE_jtag_uart_0'
Info: jtag_uart_0: "NIOS_2_ADVANCE" instantiated altera_avalon_jtag_uart "jtag_uart_0"
Info: nios2_gen2_0: "NIOS_2_ADVANCE" instantiated altera_nios2_gen2 "nios2_gen2_0"
Info: onchip_memory2_0: Starting RTL generation for module 'NIOS_2_ADVANCE_onchip_memory2_0'
Info: onchip_memory2_0:   Generation command is [exec C:/intelfpga_lite/18.1/quartus/bin64/perl/bin/perl.exe -I C:/intelfpga_lite/18.1/quartus/bin64/perl/lib -I C:/intelfpga_lite/18.1/quartus/sopc_builder/bin/europa -I C:/intelfpga_lite/18.1/quartus/sopc_builder/bin/perl_lib -I C:/intelfpga_lite/18.1/quartus/sopc_builder/bin -I C:/intelfpga_lite/18.1/quartus/../ip/altera/sopc_builder_ip/common -I C:/intelfpga_lite/18.1/quartus/../ip/altera/sopc_builder_ip/altera_avalon_onchip_memory2 -- C:/intelfpga_lite/18.1/quartus/../ip/altera/sopc_builder_ip/altera_avalon_onchip_memory2/generate_rtl.pl --name=NIOS_2_ADVANCE_onchip_memory2_0 --dir=C:/Users/JURADO~1/AppData/Local/Temp/alt8901_6238315990233983965.dir/0058_onchip_memory2_0_gen/ --quartus_dir=C:/intelfpga_lite/18.1/quartus --verilog --config=C:/Users/JURADO~1/AppData/Local/Temp/alt8901_6238315990233983965.dir/0058_onchip_memory2_0_gen//NIOS_2_ADVANCE_onchip_memory2_0_component_configuration.pl  --do_build_sim=0  ]
Info: onchip_memory2_0: Done RTL generation for module 'NIOS_2_ADVANCE_onchip_memory2_0'
Info: onchip_memory2_0: "NIOS_2_ADVANCE" instantiated altera_avalon_onchip_memory2 "onchip_memory2_0"
Info: seven_seg_pio: Starting RTL generation for module 'NIOS_2_ADVANCE_seven_seg_pio'
Info: seven_seg_pio:   Generation command is [exec C:/intelfpga_lite/18.1/quartus/bin64/perl/bin/perl.exe -I C:/intelfpga_lite/18.1/quartus/bin64/perl/lib -I C:/intelfpga_lite/18.1/quartus/sopc_builder/bin/europa -I C:/intelfpga_lite/18.1/quartus/sopc_builder/bin/perl_lib -I C:/intelfpga_lite/18.1/quartus/sopc_builder/bin -I C:/intelfpga_lite/18.1/quartus/../ip/altera/sopc_builder_ip/common -I C:/intelfpga_lite/18.1/quartus/../ip/altera/sopc_builder_ip/altera_avalon_pio -- C:/intelfpga_lite/18.1/quartus/../ip/altera/sopc_builder_ip/altera_avalon_pio/generate_rtl.pl --name=NIOS_2_ADVANCE_seven_seg_pio --dir=C:/Users/JURADO~1/AppData/Local/Temp/alt8901_6238315990233983965.dir/0059_seven_seg_pio_gen/ --quartus_dir=C:/intelfpga_lite/18.1/quartus --verilog --config=C:/Users/JURADO~1/AppData/Local/Temp/alt8901_6238315990233983965.dir/0059_seven_seg_pio_gen//NIOS_2_ADVANCE_seven_seg_pio_component_configuration.pl  --do_build_sim=0  ]
Info: seven_seg_pio: Done RTL generation for module 'NIOS_2_ADVANCE_seven_seg_pio'
Info: seven_seg_pio: "NIOS_2_ADVANCE" instantiated altera_avalon_pio "seven_seg_pio"
Info: sw_pio: Starting RTL generation for module 'NIOS_2_ADVANCE_sw_pio'
Info: sw_pio:   Generation command is [exec C:/intelfpga_lite/18.1/quartus/bin64/perl/bin/perl.exe -I C:/intelfpga_lite/18.1/quartus/bin64/perl/lib -I C:/intelfpga_lite/18.1/quartus/sopc_builder/bin/europa -I C:/intelfpga_lite/18.1/quartus/sopc_builder/bin/perl_lib -I C:/intelfpga_lite/18.1/quartus/sopc_builder/bin -I C:/intelfpga_lite/18.1/quartus/../ip/altera/sopc_builder_ip/common -I C:/intelfpga_lite/18.1/quartus/../ip/altera/sopc_builder_ip/altera_avalon_pio -- C:/intelfpga_lite/18.1/quartus/../ip/altera/sopc_builder_ip/altera_avalon_pio/generate_rtl.pl --name=NIOS_2_ADVANCE_sw_pio --dir=C:/Users/JURADO~1/AppData/Local/Temp/alt8901_6238315990233983965.dir/0060_sw_pio_gen/ --quartus_dir=C:/intelfpga_lite/18.1/quartus --verilog --config=C:/Users/JURADO~1/AppData/Local/Temp/alt8901_6238315990233983965.dir/0060_sw_pio_gen//NIOS_2_ADVANCE_sw_pio_component_configuration.pl  --do_build_sim=0  ]
Info: sw_pio: Done RTL generation for module 'NIOS_2_ADVANCE_sw_pio'
Info: sw_pio: "NIOS_2_ADVANCE" instantiated altera_avalon_pio "sw_pio"
Info: sysid_qsys_0: "NIOS_2_ADVANCE" instantiated altera_avalon_sysid_qsys "sysid_qsys_0"
Info: timer_0: Starting RTL generation for module 'NIOS_2_ADVANCE_timer_0'
Info: timer_0:   Generation command is [exec C:/intelFPGA_lite/18.1/quartus/bin64//perl/bin/perl.exe -I C:/intelFPGA_lite/18.1/quartus/bin64//perl/lib -I C:/intelfpga_lite/18.1/quartus/sopc_builder/bin/europa -I C:/intelfpga_lite/18.1/quartus/sopc_builder/bin/perl_lib -I C:/intelfpga_lite/18.1/quartus/sopc_builder/bin -I C:/intelfpga_lite/18.1/quartus/../ip/altera/sopc_builder_ip/common -I C:/intelfpga_lite/18.1/quartus/../ip/altera/sopc_builder_ip/altera_avalon_timer -- C:/intelfpga_lite/18.1/quartus/../ip/altera/sopc_builder_ip/altera_avalon_timer/generate_rtl.pl --name=NIOS_2_ADVANCE_timer_0 --dir=C:/Users/JURADO~1/AppData/Local/Temp/alt8901_6238315990233983965.dir/0062_timer_0_gen/ --quartus_dir=C:/intelfpga_lite/18.1/quartus --verilog --config=C:/Users/JURADO~1/AppData/Local/Temp/alt8901_6238315990233983965.dir/0062_timer_0_gen//NIOS_2_ADVANCE_timer_0_component_configuration.pl  --do_build_sim=0  ]
Info: timer_0: Done RTL generation for module 'NIOS_2_ADVANCE_timer_0'
Info: timer_0: "NIOS_2_ADVANCE" instantiated altera_avalon_timer "timer_0"
Info: avalon_st_adapter: Inserting error_adapter: error_adapter_0
Info: avalon_st_adapter_001: Inserting error_adapter: error_adapter_0
Info: avalon_st_adapter_002: Inserting error_adapter: error_adapter_0
Info: avalon_st_adapter_003: Inserting error_adapter: error_adapter_0
Info: avalon_st_adapter_004: Inserting error_adapter: error_adapter_0
Info: avalon_st_adapter_005: Inserting error_adapter: error_adapter_0
Info: avalon_st_adapter_006: Inserting error_adapter: error_adapter_0
Info: avalon_st_adapter_007: Inserting error_adapter: error_adapter_0
Info: mm_interconnect_0: "NIOS_2_ADVANCE" instantiated altera_mm_interconnect "mm_interconnect_0"
Info: irq_mapper: "NIOS_2_ADVANCE" instantiated altera_irq_mapper "irq_mapper"
Info: rst_controller: "NIOS_2_ADVANCE" instantiated altera_reset_controller "rst_controller"
Info: cpu: Starting RTL generation for module 'NIOS_2_ADVANCE_nios2_gen2_0_cpu'
Info: cpu:   Generation command is [exec C:/intelFPGA_lite/18.1/quartus/bin64//eperlcmd.exe -I C:/intelFPGA_lite/18.1/quartus/bin64//perl/lib -I C:/intelfpga_lite/18.1/quartus/sopc_builder/bin/europa -I C:/intelfpga_lite/18.1/quartus/sopc_builder/bin/perl_lib -I C:/intelfpga_lite/18.1/quartus/sopc_builder/bin -I C:/intelfpga_lite/18.1/quartus/../ip/altera/nios2_ip/altera_nios2_gen2/cpu_lib -I C:/intelfpga_lite/18.1/quartus/../ip/altera/nios2_ip/altera_nios2_gen2/nios_lib -I C:/intelfpga_lite/18.1/quartus/../ip/altera/nios2_ip/altera_nios2_gen2 -I C:/intelfpga_lite/18.1/quartus/../ip/altera/nios2_ip/altera_nios2_gen2 -- C:/intelfpga_lite/18.1/quartus/../ip/altera/nios2_ip/altera_nios2_gen2/generate_rtl.epl --name=NIOS_2_ADVANCE_nios2_gen2_0_cpu --dir=C:/Users/JURADO~1/AppData/Local/Temp/alt8901_6238315990233983965.dir/0065_cpu_gen/ --quartus_bindir=C:/intelFPGA_lite/18.1/quartus/bin64/ --verilog --config=C:/Users/JURADO~1/AppData/Local/Temp/alt8901_6238315990233983965.dir/0065_cpu_gen//NIOS_2_ADVANCE_nios2_gen2_0_cpu_processor_configuration.pl  --do_build_sim=0  ]
Info: cpu: # 2021.10.01 11:22:51 (*) Starting Nios II generation
Info: cpu: # 2021.10.01 11:22:51 (*)   Checking for plaintext license.
Info: cpu: # 2021.10.01 11:22:51 (*)   Couldn't query license setup in Quartus directory C:/intelFPGA_lite/18.1/quartus/bin64/
Info: cpu: # 2021.10.01 11:22:51 (*)   Defaulting to contents of LM_LICENSE_FILE environment variable
Info: cpu: # 2021.10.01 11:22:51 (*)   LM_LICENSE_FILE environment variable is empty
Info: cpu: # 2021.10.01 11:22:52 (*)   Plaintext license not found.
Info: cpu: # 2021.10.01 11:22:52 (*)   Checking for encrypted license (non-evaluation).
Info: cpu: # 2021.10.01 11:22:52 (*)   Couldn't query license setup in Quartus directory C:/intelFPGA_lite/18.1/quartus/bin64/
Info: cpu: # 2021.10.01 11:22:52 (*)   Defaulting to contents of LM_LICENSE_FILE environment variable
Info: cpu: # 2021.10.01 11:22:52 (*)   LM_LICENSE_FILE environment variable is empty
Info: cpu: # 2021.10.01 11:22:52 (*)   Encrypted license not found.  Defaulting to OCP evaluation license (produces a time-limited SOF)
Info: cpu: # 2021.10.01 11:22:52 (*)   Elaborating CPU configuration settings
Info: cpu: # 2021.10.01 11:22:52 (*)   Creating all objects for CPU
Info: cpu: # 2021.10.01 11:22:52 (*)     Testbench
Info: cpu: # 2021.10.01 11:22:52 (*)     Instruction decoding
Info: cpu: # 2021.10.01 11:22:52 (*)       Instruction fields
Info: cpu: # 2021.10.01 11:22:52 (*)       Instruction decodes
Info: cpu: # 2021.10.01 11:22:53 (*)       Signals for RTL simulation waveforms
Info: cpu: # 2021.10.01 11:22:53 (*)       Instruction controls
Info: cpu: # 2021.10.01 11:22:53 (*)     Pipeline frontend
Info: cpu: # 2021.10.01 11:22:53 (*)     Pipeline backend
Info: cpu: # 2021.10.01 11:22:56 (*)   Generating RTL from CPU objects
Info: cpu: # 2021.10.01 11:22:57 (*)   Creating encrypted RTL
Info: cpu: # 2021.10.01 11:22:58 (*) Done Nios II generation
Info: cpu: Done RTL generation for module 'NIOS_2_ADVANCE_nios2_gen2_0_cpu'
Info: cpu: "nios2_gen2_0" instantiated altera_nios2_gen2_unit "cpu"
Info: nios2_gen2_0_data_master_translator: "mm_interconnect_0" instantiated altera_merlin_master_translator "nios2_gen2_0_data_master_translator"
Info: jtag_uart_0_avalon_jtag_slave_translator: "mm_interconnect_0" instantiated altera_merlin_slave_translator "jtag_uart_0_avalon_jtag_slave_translator"
Info: nios2_gen2_0_data_master_agent: "mm_interconnect_0" instantiated altera_merlin_master_agent "nios2_gen2_0_data_master_agent"
Info: jtag_uart_0_avalon_jtag_slave_agent: "mm_interconnect_0" instantiated altera_merlin_slave_agent "jtag_uart_0_avalon_jtag_slave_agent"
Info: jtag_uart_0_avalon_jtag_slave_agent_rsp_fifo: "mm_interconnect_0" instantiated altera_avalon_sc_fifo "jtag_uart_0_avalon_jtag_slave_agent_rsp_fifo"
Info: router: "mm_interconnect_0" instantiated altera_merlin_router "router"
Info: router_001: "mm_interconnect_0" instantiated altera_merlin_router "router_001"
Info: router_002: "mm_interconnect_0" instantiated altera_merlin_router "router_002"
Info: router_004: "mm_interconnect_0" instantiated altera_merlin_router "router_004"
Info: nios2_gen2_0_data_master_limiter: "mm_interconnect_0" instantiated altera_merlin_traffic_limiter "nios2_gen2_0_data_master_limiter"
Info: Reusing file C:/Users/jurado-garciaj/Documents/MSOE COURSES/EE COURSES/EE3921/Quartus_Projects/LAB4/synthesis/submodules/altera_avalon_sc_fifo.v
Info: cmd_demux: "mm_interconnect_0" instantiated altera_merlin_demultiplexer "cmd_demux"
Info: cmd_demux_001: "mm_interconnect_0" instantiated altera_merlin_demultiplexer "cmd_demux_001"
Info: cmd_mux: "mm_interconnect_0" instantiated altera_merlin_multiplexer "cmd_mux"
Info: cmd_mux_002: "mm_interconnect_0" instantiated altera_merlin_multiplexer "cmd_mux_002"
Info: Reusing file C:/Users/jurado-garciaj/Documents/MSOE COURSES/EE COURSES/EE3921/Quartus_Projects/LAB4/synthesis/submodules/altera_merlin_arbitrator.sv
Info: rsp_demux: "mm_interconnect_0" instantiated altera_merlin_demultiplexer "rsp_demux"
Info: rsp_demux_002: "mm_interconnect_0" instantiated altera_merlin_demultiplexer "rsp_demux_002"
Info: rsp_mux: "mm_interconnect_0" instantiated altera_merlin_multiplexer "rsp_mux"
Info: Reusing file C:/Users/jurado-garciaj/Documents/MSOE COURSES/EE COURSES/EE3921/Quartus_Projects/LAB4/synthesis/submodules/altera_merlin_arbitrator.sv
Info: rsp_mux_001: "mm_interconnect_0" instantiated altera_merlin_multiplexer "rsp_mux_001"
Info: Reusing file C:/Users/jurado-garciaj/Documents/MSOE COURSES/EE COURSES/EE3921/Quartus_Projects/LAB4/synthesis/submodules/altera_merlin_arbitrator.sv
Info: avalon_st_adapter: "mm_interconnect_0" instantiated altera_avalon_st_adapter "avalon_st_adapter"
Info: error_adapter_0: "avalon_st_adapter" instantiated error_adapter "error_adapter_0"
Info: NIOS_2_ADVANCE: Done "NIOS_2_ADVANCE" with 32 modules, 52 files
Info: qsys-generate succeeded.
Info: Finished: Create HDL design files for synthesis
